\BOOKMARK [0][-]{chapter*.1}{Agradecimentos}{}% 1
\BOOKMARK [0][-]{chapter*.1}{Resumo}{}% 2
\BOOKMARK [0][-]{chapter*.1}{Lista de Figuras}{}% 3
\BOOKMARK [0][-]{chapter*.2}{Lista de C\363digos}{}% 4
\BOOKMARK [0][-]{chapter*.4}{Lista de Abreviaturas e Siglas}{}% 5
\BOOKMARK [0][-]{chapter.1}{Lorem ipsum dolor sit amet}{}% 6
\BOOKMARK [1][-]{section.1.1}{Lorem ipsum dolor sit amet}{chapter.1}% 7
\BOOKMARK [2][-]{subsection.1.1.1}{Lorem ipsum dolor sit amet}{section.1.1}% 8
\BOOKMARK [3][-]{subsubsection.1.1.1.1}{Lorem ipsum dolor sit amet}{subsection.1.1.1}% 9
\BOOKMARK [3][-]{subsubsection.1.1.1.2}{Lorem ipsum dolor sit amet}{subsection.1.1.1}% 10
\BOOKMARK [2][-]{subsection.1.1.2}{Lorem ipsum dolor sit amet}{section.1.1}% 11
\BOOKMARK [1][-]{section.1.2}{Lorem ipsum dolor sit amet}{chapter.1}% 12
\BOOKMARK [1][-]{section.1.3}{Lorem ipsum dolor sit amet}{chapter.1}% 13
\BOOKMARK [1][-]{section.1.4}{Lorem ipsum dolor sit amet}{chapter.1}% 14
\BOOKMARK [1][-]{section.1.5}{Lorem ipsum dolor sit amet}{chapter.1}% 15
\BOOKMARK [1][-]{section.1.6}{Lorem ipsum dolor sit amet}{chapter.1}% 16
\BOOKMARK [0][-]{chapter.2}{Lorem ipsum dolor sit amet}{}% 17
\BOOKMARK [1][-]{section.2.1}{Tables}{chapter.2}% 18
\BOOKMARK [1][-]{section.2.2}{Images}{chapter.2}% 19
\BOOKMARK [1][-]{section.2.3}{Equations}{chapter.2}% 20
\BOOKMARK [1][-]{section.2.4}{Listings}{chapter.2}% 21
\BOOKMARK [1][-]{section.2.5}{References}{chapter.2}% 22
